[debug] [2021-07-09T14:40:45.392Z] ----------------------------------------------------------------------
[debug] [2021-07-09T14:40:45.395Z] Command:       /Users/shaunwassell/.nvm/versions/node/v14.15.0/bin/node /Users/shaunwassell/.nvm/versions/node/v14.15.0/bin/firebase emulators:start
[debug] [2021-07-09T14:40:45.395Z] CLI Version:   8.18.1
[debug] [2021-07-09T14:40:45.395Z] Platform:      darwin
[debug] [2021-07-09T14:40:45.395Z] Node Version:  v14.15.0
[debug] [2021-07-09T14:40:45.398Z] Time:          Fri Jul 09 2021 10:40:45 GMT-0400 (Eastern Daylight Time)
[debug] [2021-07-09T14:40:45.398Z] ----------------------------------------------------------------------
[debug] [2021-07-09T14:40:45.398Z] 
[debug] [2021-07-09T14:40:45.407Z] > command requires scopes: ["email","openid","https://www.googleapis.com/auth/cloudplatformprojects.readonly","https://www.googleapis.com/auth/firebase","https://www.googleapis.com/auth/cloud-platform"]
[debug] [2021-07-09T14:40:45.408Z] > authorizing via signed-in user
[info] i  emulators: Starting emulators: auth, firestore {"metadata":{"emulator":{"name":"hub"},"message":"Starting emulators: auth, firestore"}}
[debug] [2021-07-09T14:40:45.429Z] [hub] writing locator at /var/folders/zr/5k368cl52xg5v4vppdgyh3700000gn/T/hub-spark-esport.json
[warn] ⚠  firestore: Did not find a Cloud Firestore rules file specified in a firebase.json config file. {"metadata":{"emulator":{"name":"firestore"},"message":"Did not find a Cloud Firestore rules file specified in a firebase.json config file."}}
[warn] ⚠  firestore: The emulator will default to allowing all reads and writes. Learn more about this option: https://firebase.google.com/docs/emulator-suite/install_and_configure#security_rules_configuration. {"metadata":{"emulator":{"name":"firestore"},"message":"The emulator will default to allowing all reads and writes. Learn more about this option: https://firebase.google.com/docs/emulator-suite/install_and_configure#security_rules_configuration."}}
[info] i  firestore: downloading cloud-firestore-emulator-v1.11.11.jar... {"metadata":{"emulator":{"name":"firestore"},"message":"downloading cloud-firestore-emulator-v1.11.11.jar..."}}
[debug] [2021-07-09T14:40:45.462Z] >>> [apiv2][query] GET https://storage.googleapis.com/firebase-preview-drop/emulator/cloud-firestore-emulator-v1.11.11.jar [none]
[debug] [2021-07-09T14:40:45.698Z] <<< [apiv2][status] GET https://storage.googleapis.com/firebase-preview-drop/emulator/cloud-firestore-emulator-v1.11.11.jar 200
[debug] [2021-07-09T14:40:45.698Z] <<< [apiv2][body] GET https://storage.googleapis.com/firebase-preview-drop/emulator/cloud-firestore-emulator-v1.11.11.jar [stream]
[info] i  firestore: Removing outdated emulator files: cloud-firestore-emulator-v1.11.3.jar {"metadata":{"emulator":{"name":"firestore"},"message":"Removing outdated emulator files: cloud-firestore-emulator-v1.11.3.jar"}}
[debug] [2021-07-09T14:40:52.181Z] Ignoring unsupported arg: projectId {"metadata":{"emulator":{"name":"firestore"},"message":"Ignoring unsupported arg: projectId"}}
[debug] [2021-07-09T14:40:52.182Z] Ignoring unsupported arg: auto_download {"metadata":{"emulator":{"name":"firestore"},"message":"Ignoring unsupported arg: auto_download"}}
[debug] [2021-07-09T14:40:52.182Z] Starting Firestore Emulator with command {"binary":"java","args":["-Dgoogle.cloud_firestore.debug_log_level=FINE","-Duser.language=en","-jar","/Users/shaunwassell/.cache/firebase/emulators/cloud-firestore-emulator-v1.11.11.jar","--host","localhost","--port",8080],"optionalArgs":["port","webchannel_port","host","rules","functions_emulator","seed_from_export"],"joinArgs":false} {"metadata":{"emulator":{"name":"firestore"},"message":"Starting Firestore Emulator with command {\"binary\":\"java\",\"args\":[\"-Dgoogle.cloud_firestore.debug_log_level=FINE\",\"-Duser.language=en\",\"-jar\",\"/Users/shaunwassell/.cache/firebase/emulators/cloud-firestore-emulator-v1.11.11.jar\",\"--host\",\"localhost\",\"--port\",8080],\"optionalArgs\":[\"port\",\"webchannel_port\",\"host\",\"rules\",\"functions_emulator\",\"seed_from_export\"],\"joinArgs\":false}"}}
[info] i  firestore: Firestore Emulator logging to firestore-debug.log {"metadata":{"emulator":{"name":"firestore"},"message":"Firestore Emulator logging to \u001b[1mfirestore-debug.log\u001b[22m"}}
[debug] [2021-07-09T14:40:53.333Z] API endpoint: http://localhost: {"metadata":{"emulator":{"name":"firestore"},"message":"API endpoint: http://localhost:"}}
[debug] [2021-07-09T14:40:53.333Z] 8080
If you are using a library that supports the FIRESTORE_EMULATOR_HOST environment variable, run:

   export FIRESTORE_EMULATOR_HOST=localhost:8080

Dev App Server is now running.

 {"metadata":{"emulator":{"name":"firestore"},"message":"8080\nIf you are using a library that supports the FIRESTORE_EMULATOR_HOST environment variable, run:\n\n   export FIRESTORE_EMULATOR_HOST=localhost:8080\n\nDev App Server is now running.\n\n"}}
[debug] [2021-07-09T14:40:55.898Z] Ignoring unsupported arg: auto_download {"metadata":{"emulator":{"name":"ui"},"message":"Ignoring unsupported arg: auto_download"}}
[debug] [2021-07-09T14:40:55.899Z] Ignoring unsupported arg: port {"metadata":{"emulator":{"name":"ui"},"message":"Ignoring unsupported arg: port"}}
[debug] [2021-07-09T14:40:55.899Z] Starting Emulator UI with command {"binary":"node","args":["/Users/shaunwassell/.cache/firebase/emulators/ui-v1.3.0/server.bundle.js"],"optionalArgs":[],"joinArgs":false} {"metadata":{"emulator":{"name":"ui"},"message":"Starting Emulator UI with command {\"binary\":\"node\",\"args\":[\"/Users/shaunwassell/.cache/firebase/emulators/ui-v1.3.0/server.bundle.js\"],\"optionalArgs\":[],\"joinArgs\":false}"}}
[info] i  ui: Emulator UI logging to ui-debug.log {"metadata":{"emulator":{"name":"ui"},"message":"Emulator UI logging to \u001b[1mui-debug.log\u001b[22m"}}
[debug] [2021-07-09T14:40:56.006Z] Web / API server started at http://localhost:4000
 {"metadata":{"emulator":{"name":"ui"},"message":"Web / API server started at http://localhost:4000\n"}}
[info] 
┌────────────────────────────────────────────────────────────────┐
│ ✔  All emulators ready! View status and logs at localhost:4000 │
└────────────────────────────────────────────────────────────────┘

┌────────────────┬────────────────┬──────────────────────────┐
│ Emulator       │ Host:Port      │ View in Emulator UI      │
├────────────────┼────────────────┼──────────────────────────┤
│ Authentication │ localhost:9099 │ localhost:4000/auth      │
├────────────────┼────────────────┼──────────────────────────┤
│ Firestore      │ localhost:8080 │ localhost:4000/firestore │
└────────────────┴────────────────┴──────────────────────────┘
  Other reserved ports: 4400, 4500

Issues? Report them at https://github.com/firebase/firebase-tools/issues and attach the *-debug.log files.
 
[debug] [2021-07-09T14:42:21.855Z] Jul 09, 2021 10:42:21 AM io.gapi.emulators.netty.HttpVersionRoutingHandler channelRead
INFO: Detected non-HTTP/2 connection.
 {"metadata":{"emulator":{"name":"firestore"},"message":"Jul 09, 2021 10:42:21 AM io.gapi.emulators.netty.HttpVersionRoutingHandler channelRead\nINFO: Detected non-HTTP/2 connection.\n"}}
[debug] [2021-07-09T14:42:21.896Z] Jul 09, 2021 10:42:21 AM io.gapi.emulators.netty.NotFoundHandler handleRequest
INFO: Unknown request URI: /api/users
 {"metadata":{"emulator":{"name":"firestore"},"message":"Jul 09, 2021 10:42:21 AM io.gapi.emulators.netty.NotFoundHandler handleRequest\nINFO: Unknown request URI: /api/users\n"}}
[debug] [2021-07-09T14:43:13.973Z] Jul 09, 2021 10:43:13 AM io.gapi.emulators.netty.HttpVersionRoutingHandler channelRead
INFO: Detected non-HTTP/2 connection.
 {"metadata":{"emulator":{"name":"firestore"},"message":"Jul 09, 2021 10:43:13 AM io.gapi.emulators.netty.HttpVersionRoutingHandler channelRead\nINFO: Detected non-HTTP/2 connection.\n"}}
[debug] [2021-07-09T14:43:13.976Z] Jul 09, 2021 10:43:13 AM io.gapi.emulators.netty.NotFoundHandler handleRequest
INFO: Unknown request URI: /api/users
 {"metadata":{"emulator":{"name":"firestore"},"message":"Jul 09, 2021 10:43:13 AM io.gapi.emulators.netty.NotFoundHandler handleRequest\nINFO: Unknown request URI: /api/users\n"}}
[debug] [2021-07-09T14:43:39.655Z] Jul 09, 2021 10:43:39 AM io.gapi.emulators.netty.HttpVersionRoutingHandler channelRead
INFO: Detected non-HTTP/2 connection.
 {"metadata":{"emulator":{"name":"firestore"},"message":"Jul 09, 2021 10:43:39 AM io.gapi.emulators.netty.HttpVersionRoutingHandler channelRead\nINFO: Detected non-HTTP/2 connection.\n"}}
[debug] [2021-07-09T14:43:39.659Z] Jul 09, 2021 10:43:39 AM io.gapi.emulators.netty.NotFoundHandler handleRequest
INFO: Unknown request URI: /api/users/dOhy5dtq9xz6CKErv15Ze7XDXHBT
 {"metadata":{"emulator":{"name":"firestore"},"message":"Jul 09, 2021 10:43:39 AM io.gapi.emulators.netty.NotFoundHandler handleRequest\nINFO: Unknown request URI: /api/users/dOhy5dtq9xz6CKErv15Ze7XDXHBT\n"}}
[debug] [2021-07-09T14:43:39.675Z] Jul 09, 2021 10:43:39 AM io.gapi.emulators.netty.HttpVersionRoutingHandler channelRead
INFO: Detected non-HTTP/2 connection.
 {"metadata":{"emulator":{"name":"firestore"},"message":"Jul 09, 2021 10:43:39 AM io.gapi.emulators.netty.HttpVersionRoutingHandler channelRead\nINFO: Detected non-HTTP/2 connection.\n"}}
[debug] [2021-07-09T14:43:39.678Z] Jul 09, 2021 10:43:39 AM io.gapi.emulators.netty.NotFoundHandler handleRequest
INFO: Unknown request URI: /api/users/dOhy5dtq9xz6CKErv15Ze7XDXHBT
 {"metadata":{"emulator":{"name":"firestore"},"message":"Jul 09, 2021 10:43:39 AM io.gapi.emulators.netty.NotFoundHandler handleRequest\nINFO: Unknown request URI: /api/users/dOhy5dtq9xz6CKErv15Ze7XDXHBT\n"}}
[debug] [2021-07-09T14:45:29.738Z] Jul 09, 2021 10:45:29 AM io.gapi.emulators.netty.HttpVersionRoutingHandler channelRead
INFO: Detected non-HTTP/2 connection.
 {"metadata":{"emulator":{"name":"firestore"},"message":"Jul 09, 2021 10:45:29 AM io.gapi.emulators.netty.HttpVersionRoutingHandler channelRead\nINFO: Detected non-HTTP/2 connection.\n"}}
[debug] [2021-07-09T14:45:29.741Z] Jul 09, 2021 10:45:29 AM io.gapi.emulators.netty.NotFoundHandler handleRequest
INFO: Unknown request URI: /api/users/dOhy5dtq9xz6CKErv15Ze7XDXHBT
 {"metadata":{"emulator":{"name":"firestore"},"message":"Jul 09, 2021 10:45:29 AM io.gapi.emulators.netty.NotFoundHandler handleRequest\nINFO: Unknown request URI: /api/users/dOhy5dtq9xz6CKErv15Ze7XDXHBT\n"}}
[debug] [2021-07-09T14:45:29.759Z] Jul 09, 2021 10:45:29 AM io.gapi.emulators.netty.HttpVersionRoutingHandler channelRead
INFO: Detected non-HTTP/2 connection.
 {"metadata":{"emulator":{"name":"firestore"},"message":"Jul 09, 2021 10:45:29 AM io.gapi.emulators.netty.HttpVersionRoutingHandler channelRead\nINFO: Detected non-HTTP/2 connection.\n"}}
[debug] [2021-07-09T14:45:29.761Z] Jul 09, 2021 10:45:29 AM io.gapi.emulators.netty.NotFoundHandler handleRequest
INFO: Unknown request URI: /api/users/dOhy5dtq9xz6CKErv15Ze7XDXHBT
 {"metadata":{"emulator":{"name":"firestore"},"message":"Jul 09, 2021 10:45:29 AM io.gapi.emulators.netty.NotFoundHandler handleRequest\nINFO: Unknown request URI: /api/users/dOhy5dtq9xz6CKErv15Ze7XDXHBT\n"}}
[debug] [2021-07-09T14:47:15.519Z] Jul 09, 2021 10:47:15 AM io.gapi.emulators.netty.HttpVersionRoutingHandler channelRead
INFO: Detected non-HTTP/2 connection.
 {"metadata":{"emulator":{"name":"firestore"},"message":"Jul 09, 2021 10:47:15 AM io.gapi.emulators.netty.HttpVersionRoutingHandler channelRead\nINFO: Detected non-HTTP/2 connection.\n"}}
[debug] [2021-07-09T14:47:15.521Z] Jul 09, 2021 10:47:15 AM io.gapi.emulators.netty.NotFoundHandler handleRequest
INFO: Unknown request URI: /api/users/dOhy5dtq9xz6CKErv15Ze7XDXHBT
 {"metadata":{"emulator":{"name":"firestore"},"message":"Jul 09, 2021 10:47:15 AM io.gapi.emulators.netty.NotFoundHandler handleRequest\nINFO: Unknown request URI: /api/users/dOhy5dtq9xz6CKErv15Ze7XDXHBT\n"}}
[debug] [2021-07-09T14:47:15.538Z] Jul 09, 2021 10:47:15 AM io.gapi.emulators.netty.HttpVersionRoutingHandler channelRead
INFO: Detected non-HTTP/2 connection.
 {"metadata":{"emulator":{"name":"firestore"},"message":"Jul 09, 2021 10:47:15 AM io.gapi.emulators.netty.HttpVersionRoutingHandler channelRead\nINFO: Detected non-HTTP/2 connection.\n"}}
[debug] [2021-07-09T14:47:15.541Z] Jul 09, 2021 10:47:15 AM io.gapi.emulators.netty.NotFoundHandler handleRequest
INFO: Unknown request URI: /api/users/dOhy5dtq9xz6CKErv15Ze7XDXHBT
 {"metadata":{"emulator":{"name":"firestore"},"message":"Jul 09, 2021 10:47:15 AM io.gapi.emulators.netty.NotFoundHandler handleRequest\nINFO: Unknown request URI: /api/users/dOhy5dtq9xz6CKErv15Ze7XDXHBT\n"}}
[debug] [2021-07-09T16:51:26.073Z] Jul 09, 2021 12:51:26 PM io.gapi.emulators.netty.HttpVersionRoutingHandler channelRead
INFO: Detected non-HTTP/2 connection.
 {"metadata":{"emulator":{"name":"firestore"},"message":"Jul 09, 2021 12:51:26 PM io.gapi.emulators.netty.HttpVersionRoutingHandler channelRead\nINFO: Detected non-HTTP/2 connection.\n"}}
[debug] [2021-07-09T16:51:26.075Z] Jul 09, 2021 12:51:26 PM io.gapi.emulators.netty.NotFoundHandler handleRequest
INFO: Unknown request URI: /api/users/dOhy5dtq9xz6CKErv15Ze7XDXHBT
 {"metadata":{"emulator":{"name":"firestore"},"message":"Jul 09, 2021 12:51:26 PM io.gapi.emulators.netty.NotFoundHandler handleRequest\nINFO: Unknown request URI: /api/users/dOhy5dtq9xz6CKErv15Ze7XDXHBT\n"}}
[debug] [2021-07-09T16:51:26.091Z] Jul 09, 2021 12:51:26 PM io.gapi.emulators.netty.HttpVersionRoutingHandler channelRead
INFO: Detected non-HTTP/2 connection.
 {"metadata":{"emulator":{"name":"firestore"},"message":"Jul 09, 2021 12:51:26 PM io.gapi.emulators.netty.HttpVersionRoutingHandler channelRead\nINFO: Detected non-HTTP/2 connection.\n"}}
[debug] [2021-07-09T16:51:26.093Z] Jul 09, 2021 12:51:26 PM io.gapi.emulators.netty.NotFoundHandler handleRequest
INFO: Unknown request URI: /api/users/dOhy5dtq9xz6CKErv15Ze7XDXHBT
 {"metadata":{"emulator":{"name":"firestore"},"message":"Jul 09, 2021 12:51:26 PM io.gapi.emulators.netty.NotFoundHandler handleRequest\nINFO: Unknown request URI: /api/users/dOhy5dtq9xz6CKErv15Ze7XDXHBT\n"}}
[debug] [2021-07-09T16:51:29.381Z] Jul 09, 2021 12:51:29 PM io.gapi.emulators.netty.HttpVersionRoutingHandler channelRead
INFO: Detected non-HTTP/2 connection.
 {"metadata":{"emulator":{"name":"firestore"},"message":"Jul 09, 2021 12:51:29 PM io.gapi.emulators.netty.HttpVersionRoutingHandler channelRead\nINFO: Detected non-HTTP/2 connection.\n"}}
[debug] [2021-07-09T16:51:29.383Z] Jul 09, 2021 12:51:29 PM io.gapi.emulators.netty.NotFoundHandler handleRequest
INFO: Unknown request URI: /api/users/dOhy5dtq9xz6CKErv15Ze7XDXHBT
 {"metadata":{"emulator":{"name":"firestore"},"message":"Jul 09, 2021 12:51:29 PM io.gapi.emulators.netty.NotFoundHandler handleRequest\nINFO: Unknown request URI: /api/users/dOhy5dtq9xz6CKErv15Ze7XDXHBT\n"}}
[debug] [2021-07-09T16:51:29.403Z] Jul 09, 2021 12:51:29 PM io.gapi.emulators.netty.HttpVersionRoutingHandler channelRead
INFO: Detected non-HTTP/2 connection.
 {"metadata":{"emulator":{"name":"firestore"},"message":"Jul 09, 2021 12:51:29 PM io.gapi.emulators.netty.HttpVersionRoutingHandler channelRead\nINFO: Detected non-HTTP/2 connection.\n"}}
[debug] [2021-07-09T16:51:29.406Z] Jul 09, 2021 12:51:29 PM io.gapi.emulators.netty.NotFoundHandler handleRequest
INFO: Unknown request URI: /api/users/dOhy5dtq9xz6CKErv15Ze7XDXHBT
 {"metadata":{"emulator":{"name":"firestore"},"message":"Jul 09, 2021 12:51:29 PM io.gapi.emulators.netty.NotFoundHandler handleRequest\nINFO: Unknown request URI: /api/users/dOhy5dtq9xz6CKErv15Ze7XDXHBT\n"}}
[debug] [2021-07-09T16:56:10.911Z] Jul 09, 2021 12:56:10 PM io.gapi.emulators.netty.HttpVersionRoutingHandler channelRead
INFO: Detected non-HTTP/2 connection.
 {"metadata":{"emulator":{"name":"firestore"},"message":"Jul 09, 2021 12:56:10 PM io.gapi.emulators.netty.HttpVersionRoutingHandler channelRead\nINFO: Detected non-HTTP/2 connection.\n"}}
[debug] [2021-07-09T16:56:10.912Z] Jul 09, 2021 12:56:10 PM io.gapi.emulators.netty.NotFoundHandler handleRequest
INFO: Unknown request URI: /api/users/dOhy5dtq9xz6CKErv15Ze7XDXHBT
 {"metadata":{"emulator":{"name":"firestore"},"message":"Jul 09, 2021 12:56:10 PM io.gapi.emulators.netty.NotFoundHandler handleRequest\nINFO: Unknown request URI: /api/users/dOhy5dtq9xz6CKErv15Ze7XDXHBT\n"}}
[debug] [2021-07-09T16:56:10.933Z] Jul 09, 2021 12:56:10 PM io.gapi.emulators.netty.HttpVersionRoutingHandler channelRead
INFO: Detected non-HTTP/2 connection.
 {"metadata":{"emulator":{"name":"firestore"},"message":"Jul 09, 2021 12:56:10 PM io.gapi.emulators.netty.HttpVersionRoutingHandler channelRead\nINFO: Detected non-HTTP/2 connection.\n"}}
[debug] [2021-07-09T16:56:10.934Z] Jul 09, 2021 12:56:10 PM io.gapi.emulators.netty.NotFoundHandler handleRequest
INFO: Unknown request URI: /api/users/dOhy5dtq9xz6CKErv15Ze7XDXHBT
 {"metadata":{"emulator":{"name":"firestore"},"message":"Jul 09, 2021 12:56:10 PM io.gapi.emulators.netty.NotFoundHandler handleRequest\nINFO: Unknown request URI: /api/users/dOhy5dtq9xz6CKErv15Ze7XDXHBT\n"}}
[debug] [2021-07-09T16:57:29.173Z] Jul 09, 2021 12:57:29 PM io.gapi.emulators.netty.HttpVersionRoutingHandler channelRead
INFO: Detected non-HTTP/2 connection.
 {"metadata":{"emulator":{"name":"firestore"},"message":"Jul 09, 2021 12:57:29 PM io.gapi.emulators.netty.HttpVersionRoutingHandler channelRead\nINFO: Detected non-HTTP/2 connection.\n"}}
[debug] [2021-07-09T16:57:29.175Z] Jul 09, 2021 12:57:29 PM io.gapi.emulators.netty.NotFoundHandler handleRequest
INFO: Unknown request URI: /api/users/dOhy5dtq9xz6CKErv15Ze7XDXHBT
 {"metadata":{"emulator":{"name":"firestore"},"message":"Jul 09, 2021 12:57:29 PM io.gapi.emulators.netty.NotFoundHandler handleRequest\nINFO: Unknown request URI: /api/users/dOhy5dtq9xz6CKErv15Ze7XDXHBT\n"}}
[debug] [2021-07-09T16:58:15.131Z] Jul 09, 2021 12:58:15 PM io.gapi.emulators.netty.HttpVersionRoutingHandler channelRead
INFO: Detected non-HTTP/2 connection.
 {"metadata":{"emulator":{"name":"firestore"},"message":"Jul 09, 2021 12:58:15 PM io.gapi.emulators.netty.HttpVersionRoutingHandler channelRead\nINFO: Detected non-HTTP/2 connection.\n"}}
[debug] [2021-07-09T16:58:15.132Z] Jul 09, 2021 12:58:15 PM io.gapi.emulators.netty.NotFoundHandler handleRequest
INFO: Unknown request URI: /api/users/dOhy5dtq9xz6CKErv15Ze7XDXHBT
 {"metadata":{"emulator":{"name":"firestore"},"message":"Jul 09, 2021 12:58:15 PM io.gapi.emulators.netty.NotFoundHandler handleRequest\nINFO: Unknown request URI: /api/users/dOhy5dtq9xz6CKErv15Ze7XDXHBT\n"}}
[debug] [2021-07-09T16:58:17.332Z] Jul 09, 2021 12:58:17 PM io.gapi.emulators.netty.HttpVersionRoutingHandler channelRead
INFO: Detected non-HTTP/2 connection.
 {"metadata":{"emulator":{"name":"firestore"},"message":"Jul 09, 2021 12:58:17 PM io.gapi.emulators.netty.HttpVersionRoutingHandler channelRead\nINFO: Detected non-HTTP/2 connection.\n"}}
[debug] [2021-07-09T16:58:17.335Z] Jul 09, 2021 12:58:17 PM io.gapi.emulators.netty.NotFoundHandler handleRequest
INFO: Unknown request URI: /api/users/dOhy5dtq9xz6CKErv15Ze7XDXHBT
 {"metadata":{"emulator":{"name":"firestore"},"message":"Jul 09, 2021 12:58:17 PM io.gapi.emulators.netty.NotFoundHandler handleRequest\nINFO: Unknown request URI: /api/users/dOhy5dtq9xz6CKErv15Ze7XDXHBT\n"}}
[debug] [2021-07-09T16:58:17.375Z] Jul 09, 2021 12:58:17 PM io.gapi.emulators.netty.HttpVersionRoutingHandler channelRead
INFO: Detected non-HTTP/2 connection.
 {"metadata":{"emulator":{"name":"firestore"},"message":"Jul 09, 2021 12:58:17 PM io.gapi.emulators.netty.HttpVersionRoutingHandler channelRead\nINFO: Detected non-HTTP/2 connection.\n"}}
[debug] [2021-07-09T16:58:17.377Z] Jul 09, 2021 12:58:17 PM io.gapi.emulators.netty.NotFoundHandler handleRequest
INFO: Unknown request URI: /api/users/dOhy5dtq9xz6CKErv15Ze7XDXHBT
 {"metadata":{"emulator":{"name":"firestore"},"message":"Jul 09, 2021 12:58:17 PM io.gapi.emulators.netty.NotFoundHandler handleRequest\nINFO: Unknown request URI: /api/users/dOhy5dtq9xz6CKErv15Ze7XDXHBT\n"}}
[debug] [2021-07-09T16:58:17.425Z] Jul 09, 2021 12:58:17 PM io.gapi.emulators.netty.HttpVersionRoutingHandler channelRead
INFO: Detected non-HTTP/2 connection.
 {"metadata":{"emulator":{"name":"firestore"},"message":"Jul 09, 2021 12:58:17 PM io.gapi.emulators.netty.HttpVersionRoutingHandler channelRead\nINFO: Detected non-HTTP/2 connection.\n"}}
[debug] [2021-07-09T16:58:17.427Z] Jul 09, 2021 12:58:17 PM io.gapi.emulators.netty.NotFoundHandler handleRequest
INFO: Unknown request URI: /api/users/dOhy5dtq9xz6CKErv15Ze7XDXHBT
 {"metadata":{"emulator":{"name":"firestore"},"message":"Jul 09, 2021 12:58:17 PM io.gapi.emulators.netty.NotFoundHandler handleRequest\nINFO: Unknown request URI: /api/users/dOhy5dtq9xz6CKErv15Ze7XDXHBT\n"}}
[debug] [2021-07-09T16:58:24.881Z] Jul 09, 2021 12:58:24 PM io.gapi.emulators.netty.HttpVersionRoutingHandler channelRead
INFO: Detected non-HTTP/2 connection.
 {"metadata":{"emulator":{"name":"firestore"},"message":"Jul 09, 2021 12:58:24 PM io.gapi.emulators.netty.HttpVersionRoutingHandler channelRead\nINFO: Detected non-HTTP/2 connection.\n"}}
[debug] [2021-07-09T16:58:24.884Z] Jul 09, 2021 12:58:24 PM io.gapi.emulators.netty.NotFoundHandler handleRequest
INFO: Unknown request URI: /api/users/dOhy5dtq9xz6CKErv15Ze7XDXHBT
 {"metadata":{"emulator":{"name":"firestore"},"message":"Jul 09, 2021 12:58:24 PM io.gapi.emulators.netty.NotFoundHandler handleRequest\nINFO: Unknown request URI: /api/users/dOhy5dtq9xz6CKErv15Ze7XDXHBT\n"}}
[debug] [2021-07-09T16:58:24.911Z] Jul 09, 2021 12:58:24 PM io.gapi.emulators.netty.HttpVersionRoutingHandler channelRead
INFO: Detected non-HTTP/2 connection.
 {"metadata":{"emulator":{"name":"firestore"},"message":"Jul 09, 2021 12:58:24 PM io.gapi.emulators.netty.HttpVersionRoutingHandler channelRead\nINFO: Detected non-HTTP/2 connection.\n"}}
[debug] [2021-07-09T16:58:24.913Z] Jul 09, 2021 12:58:24 PM io.gapi.emulators.netty.NotFoundHandler handleRequest
INFO: Unknown request URI: /api/users/dOhy5dtq9xz6CKErv15Ze7XDXHBT
 {"metadata":{"emulator":{"name":"firestore"},"message":"Jul 09, 2021 12:58:24 PM io.gapi.emulators.netty.NotFoundHandler handleRequest\nINFO: Unknown request URI: /api/users/dOhy5dtq9xz6CKErv15Ze7XDXHBT\n"}}
[debug] [2021-07-09T16:58:24.951Z] Jul 09, 2021 12:58:24 PM io.gapi.emulators.netty.HttpVersionRoutingHandler channelRead
INFO: Detected non-HTTP/2 connection.
 {"metadata":{"emulator":{"name":"firestore"},"message":"Jul 09, 2021 12:58:24 PM io.gapi.emulators.netty.HttpVersionRoutingHandler channelRead\nINFO: Detected non-HTTP/2 connection.\n"}}
[debug] [2021-07-09T16:58:24.953Z] Jul 09, 2021 12:58:24 PM io.gapi.emulators.netty.NotFoundHandler handleRequest
INFO: Unknown request URI: /api/users/dOhy5dtq9xz6CKErv15Ze7XDXHBT
 {"metadata":{"emulator":{"name":"firestore"},"message":"Jul 09, 2021 12:58:24 PM io.gapi.emulators.netty.NotFoundHandler handleRequest\nINFO: Unknown request URI: /api/users/dOhy5dtq9xz6CKErv15Ze7XDXHBT\n"}}
[debug] [2021-07-09T16:59:15.246Z] Jul 09, 2021 12:59:15 PM io.gapi.emulators.netty.HttpVersionRoutingHandler channelRead
INFO: Detected non-HTTP/2 connection.
 {"metadata":{"emulator":{"name":"firestore"},"message":"Jul 09, 2021 12:59:15 PM io.gapi.emulators.netty.HttpVersionRoutingHandler channelRead\nINFO: Detected non-HTTP/2 connection.\n"}}
[debug] [2021-07-09T16:59:15.247Z] Jul 09, 2021 12:59:15 PM io.gapi.emulators.netty.NotFoundHandler handleRequest
INFO: Unknown request URI: /api/users/dOhy5dtq9xz6CKErv15Ze7XDXHBT
 {"metadata":{"emulator":{"name":"firestore"},"message":"Jul 09, 2021 12:59:15 PM io.gapi.emulators.netty.NotFoundHandler handleRequest\nINFO: Unknown request URI: /api/users/dOhy5dtq9xz6CKErv15Ze7XDXHBT\n"}}
[debug] [2021-07-09T16:59:15.253Z] Jul 09, 2021 12:59:15 PM io.gapi.emulators.netty.HttpVersionRoutingHandler channelRead
INFO: Detected non-HTTP/2 connection.
 {"metadata":{"emulator":{"name":"firestore"},"message":"Jul 09, 2021 12:59:15 PM io.gapi.emulators.netty.HttpVersionRoutingHandler channelRead\nINFO: Detected non-HTTP/2 connection.\n"}}
[debug] [2021-07-09T16:59:15.254Z] Jul 09, 2021 12:59:15 PM io.gapi.emulators.netty.NotFoundHandler handleRequest
INFO: Unknown request URI: /api/users/dOhy5dtq9xz6CKErv15Ze7XDXHBT
 {"metadata":{"emulator":{"name":"firestore"},"message":"Jul 09, 2021 12:59:15 PM io.gapi.emulators.netty.NotFoundHandler handleRequest\nINFO: Unknown request URI: /api/users/dOhy5dtq9xz6CKErv15Ze7XDXHBT\n"}}
[debug] [2021-07-09T16:59:19.069Z] Jul 09, 2021 12:59:19 PM io.gapi.emulators.netty.HttpVersionRoutingHandler channelRead
INFO: Detected non-HTTP/2 connection.
 {"metadata":{"emulator":{"name":"firestore"},"message":"Jul 09, 2021 12:59:19 PM io.gapi.emulators.netty.HttpVersionRoutingHandler channelRead\nINFO: Detected non-HTTP/2 connection.\n"}}
[debug] [2021-07-09T16:59:19.072Z] Jul 09, 2021 12:59:19 PM io.gapi.emulators.netty.NotFoundHandler handleRequest
INFO: Unknown request URI: /api/users/dOhy5dtq9xz6CKErv15Ze7XDXHBT
 {"metadata":{"emulator":{"name":"firestore"},"message":"Jul 09, 2021 12:59:19 PM io.gapi.emulators.netty.NotFoundHandler handleRequest\nINFO: Unknown request URI: /api/users/dOhy5dtq9xz6CKErv15Ze7XDXHBT\n"}}
[debug] [2021-07-09T16:59:19.108Z] Jul 09, 2021 12:59:19 PM io.gapi.emulators.netty.HttpVersionRoutingHandler channelRead
INFO: Detected non-HTTP/2 connection.
 {"metadata":{"emulator":{"name":"firestore"},"message":"Jul 09, 2021 12:59:19 PM io.gapi.emulators.netty.HttpVersionRoutingHandler channelRead\nINFO: Detected non-HTTP/2 connection.\n"}}
[debug] [2021-07-09T16:59:19.109Z] Jul 09, 2021 12:59:19 PM io.gapi.emulators.netty.NotFoundHandler handleRequest
INFO: Unknown request URI: /api/users/dOhy5dtq9xz6CKErv15Ze7XDXHBT
 {"metadata":{"emulator":{"name":"firestore"},"message":"Jul 09, 2021 12:59:19 PM io.gapi.emulators.netty.NotFoundHandler handleRequest\nINFO: Unknown request URI: /api/users/dOhy5dtq9xz6CKErv15Ze7XDXHBT\n"}}
[debug] [2021-07-09T16:59:19.149Z] Jul 09, 2021 12:59:19 PM io.gapi.emulators.netty.HttpVersionRoutingHandler channelRead
INFO: Detected non-HTTP/2 connection.
 {"metadata":{"emulator":{"name":"firestore"},"message":"Jul 09, 2021 12:59:19 PM io.gapi.emulators.netty.HttpVersionRoutingHandler channelRead\nINFO: Detected non-HTTP/2 connection.\n"}}
[debug] [2021-07-09T16:59:19.150Z] Jul 09, 2021 12:59:19 PM io.gapi.emulators.netty.NotFoundHandler handleRequest
INFO: Unknown request URI: /api/users/dOhy5dtq9xz6CKErv15Ze7XDXHBT
 {"metadata":{"emulator":{"name":"firestore"},"message":"Jul 09, 2021 12:59:19 PM io.gapi.emulators.netty.NotFoundHandler handleRequest\nINFO: Unknown request URI: /api/users/dOhy5dtq9xz6CKErv15Ze7XDXHBT\n"}}
[debug] [2021-07-09T17:01:43.153Z] Jul 09, 2021 1:01:43 PM io.gapi.emulators.netty.HttpVersionRoutingHandler channelRead
INFO: Detected non-HTTP/2 connection.
 {"metadata":{"emulator":{"name":"firestore"},"message":"Jul 09, 2021 1:01:43 PM io.gapi.emulators.netty.HttpVersionRoutingHandler channelRead\nINFO: Detected non-HTTP/2 connection.\n"}}
[debug] [2021-07-09T17:01:43.155Z] Jul 09, 2021 1:01:43 PM io.gapi.emulators.netty.NotFoundHandler handleRequest
INFO: Unknown request URI: /api/users/dOhy5dtq9xz6CKErv15Ze7XDXHBT
 {"metadata":{"emulator":{"name":"firestore"},"message":"Jul 09, 2021 1:01:43 PM io.gapi.emulators.netty.NotFoundHandler handleRequest\nINFO: Unknown request URI: /api/users/dOhy5dtq9xz6CKErv15Ze7XDXHBT\n"}}
[debug] [2021-07-09T17:01:43.204Z] Jul 09, 2021 1:01:43 PM io.gapi.emulators.netty.HttpVersionRoutingHandler channelRead
INFO: Detected non-HTTP/2 connection.
 {"metadata":{"emulator":{"name":"firestore"},"message":"Jul 09, 2021 1:01:43 PM io.gapi.emulators.netty.HttpVersionRoutingHandler channelRead\nINFO: Detected non-HTTP/2 connection.\n"}}
[debug] [2021-07-09T17:01:43.205Z] Jul 09, 2021 1:01:43 PM io.gapi.emulators.netty.NotFoundHandler handleRequest
INFO: Unknown request URI: /api/users/dOhy5dtq9xz6CKErv15Ze7XDXHBT
 {"metadata":{"emulator":{"name":"firestore"},"message":"Jul 09, 2021 1:01:43 PM io.gapi.emulators.netty.NotFoundHandler handleRequest\nINFO: Unknown request URI: /api/users/dOhy5dtq9xz6CKErv15Ze7XDXHBT\n"}}
[debug] [2021-07-09T17:01:43.243Z] Jul 09, 2021 1:01:43 PM io.gapi.emulators.netty.HttpVersionRoutingHandler channelRead
INFO: Detected non-HTTP/2 connection.
 {"metadata":{"emulator":{"name":"firestore"},"message":"Jul 09, 2021 1:01:43 PM io.gapi.emulators.netty.HttpVersionRoutingHandler channelRead\nINFO: Detected non-HTTP/2 connection.\n"}}
[debug] [2021-07-09T17:01:43.245Z] Jul 09, 2021 1:01:43 PM io.gapi.emulators.netty.NotFoundHandler handleRequest
INFO: Unknown request URI: /api/users/dOhy5dtq9xz6CKErv15Ze7XDXHBT
 {"metadata":{"emulator":{"name":"firestore"},"message":"Jul 09, 2021 1:01:43 PM io.gapi.emulators.netty.NotFoundHandler handleRequest\nINFO: Unknown request URI: /api/users/dOhy5dtq9xz6CKErv15Ze7XDXHBT\n"}}
[debug] [2021-07-09T17:05:25.446Z] Jul 09, 2021 1:05:25 PM io.gapi.emulators.netty.HttpVersionRoutingHandler channelRead
INFO: Detected non-HTTP/2 connection.
 {"metadata":{"emulator":{"name":"firestore"},"message":"Jul 09, 2021 1:05:25 PM io.gapi.emulators.netty.HttpVersionRoutingHandler channelRead\nINFO: Detected non-HTTP/2 connection.\n"}}
[debug] [2021-07-09T17:05:25.448Z] Jul 09, 2021 1:05:25 PM io.gapi.emulators.netty.NotFoundHandler handleRequest
INFO: Unknown request URI: /api/users/dOhy5dtq9xz6CKErv15Ze7XDXHBT
 {"metadata":{"emulator":{"name":"firestore"},"message":"Jul 09, 2021 1:05:25 PM io.gapi.emulators.netty.NotFoundHandler handleRequest\nINFO: Unknown request URI: /api/users/dOhy5dtq9xz6CKErv15Ze7XDXHBT\n"}}
[debug] [2021-07-09T17:05:25.454Z] Jul 09, 2021 1:05:25 PM io.gapi.emulators.netty.HttpVersionRoutingHandler channelRead
INFO: Detected non-HTTP/2 connection.
 {"metadata":{"emulator":{"name":"firestore"},"message":"Jul 09, 2021 1:05:25 PM io.gapi.emulators.netty.HttpVersionRoutingHandler channelRead\nINFO: Detected non-HTTP/2 connection.\n"}}
[debug] [2021-07-09T17:05:25.455Z] Jul 09, 2021 1:05:25 PM io.gapi.emulators.netty.NotFoundHandler handleRequest
INFO: Unknown request URI: /api/users/dOhy5dtq9xz6CKErv15Ze7XDXHBT
 {"metadata":{"emulator":{"name":"firestore"},"message":"Jul 09, 2021 1:05:25 PM io.gapi.emulators.netty.NotFoundHandler handleRequest\nINFO: Unknown request URI: /api/users/dOhy5dtq9xz6CKErv15Ze7XDXHBT\n"}}
[debug] [2021-07-09T17:10:27.983Z] Jul 09, 2021 1:10:27 PM io.gapi.emulators.netty.HttpVersionRoutingHandler channelRead
INFO: Detected non-HTTP/2 connection.
 {"metadata":{"emulator":{"name":"firestore"},"message":"Jul 09, 2021 1:10:27 PM io.gapi.emulators.netty.HttpVersionRoutingHandler channelRead\nINFO: Detected non-HTTP/2 connection.\n"}}
[debug] [2021-07-09T17:10:27.984Z] Jul 09, 2021 1:10:27 PM io.gapi.emulators.netty.NotFoundHandler handleRequest
INFO: Unknown request URI: /api/users/dOhy5dtq9xz6CKErv15Ze7XDXHBT
 {"metadata":{"emulator":{"name":"firestore"},"message":"Jul 09, 2021 1:10:27 PM io.gapi.emulators.netty.NotFoundHandler handleRequest\nINFO: Unknown request URI: /api/users/dOhy5dtq9xz6CKErv15Ze7XDXHBT\n"}}
[debug] [2021-07-09T17:10:28.007Z] Jul 09, 2021 1:10:28 PM io.gapi.emulators.netty.HttpVersionRoutingHandler channelRead
INFO: Detected non-HTTP/2 connection.
 {"metadata":{"emulator":{"name":"firestore"},"message":"Jul 09, 2021 1:10:28 PM io.gapi.emulators.netty.HttpVersionRoutingHandler channelRead\nINFO: Detected non-HTTP/2 connection.\n"}}
[debug] [2021-07-09T17:10:28.008Z] Jul 09, 2021 1:10:28 PM io.gapi.emulators.netty.NotFoundHandler handleRequest
INFO: Unknown request URI: /api/users/dOhy5dtq9xz6CKErv15Ze7XDXHBT
 {"metadata":{"emulator":{"name":"firestore"},"message":"Jul 09, 2021 1:10:28 PM io.gapi.emulators.netty.NotFoundHandler handleRequest\nINFO: Unknown request URI: /api/users/dOhy5dtq9xz6CKErv15Ze7XDXHBT\n"}}
[debug] [2021-07-09T17:10:28.065Z] Jul 09, 2021 1:10:28 PM io.gapi.emulators.netty.HttpVersionRoutingHandler channelRead
INFO: Detected non-HTTP/2 connection.
 {"metadata":{"emulator":{"name":"firestore"},"message":"Jul 09, 2021 1:10:28 PM io.gapi.emulators.netty.HttpVersionRoutingHandler channelRead\nINFO: Detected non-HTTP/2 connection.\n"}}
[debug] [2021-07-09T17:10:28.067Z] Jul 09, 2021 1:10:28 PM io.gapi.emulators.netty.NotFoundHandler handleRequest
INFO: Unknown request URI: /api/users/dOhy5dtq9xz6CKErv15Ze7XDXHBT
 {"metadata":{"emulator":{"name":"firestore"},"message":"Jul 09, 2021 1:10:28 PM io.gapi.emulators.netty.NotFoundHandler handleRequest\nINFO: Unknown request URI: /api/users/dOhy5dtq9xz6CKErv15Ze7XDXHBT\n"}}
